<?xml version="1.0" encoding="UTF-8"?>
<testng-results skipped="0" failed="0" ignored="0" total="1" passed="1">
  <reporter-output>
  </reporter-output>
  <suite name="Default suite" duration-ms="7804" started-at="2020-08-25T13:31:37 IST" finished-at="2020-08-25T13:31:45 IST">
    <groups>
    </groups>
    <test name="Default test" duration-ms="7804" started-at="2020-08-25T13:31:37 IST" finished-at="2020-08-25T13:31:45 IST">
      <class name="com.qa.tests.PostAPITest">
        <test-method status="PASS" signature="setUp()[pri:0, instance:com.qa.tests.PostAPITest@3b084709]" name="setUp" is-config="true" duration-ms="14" started-at="2020-08-25T13:31:37 IST" finished-at="2020-08-25T13:31:37 IST">
          <reporter-output>
          </reporter-output>
        </test-method> <!-- setUp -->
        <test-method status="PASS" signature="postAPITest()[pri:0, instance:com.qa.tests.PostAPITest@3b084709]" name="postAPITest" duration-ms="7681" started-at="2020-08-25T13:31:37 IST" finished-at="2020-08-25T13:31:45 IST">
          <reporter-output>
          </reporter-output>
        </test-method> <!-- postAPITest -->
      </class> <!-- com.qa.tests.PostAPITest -->
    </test> <!-- Default test -->
  </suite> <!-- Default suite -->
</testng-results>
